<?xml version="1.0" encoding="UTF-8"?>
<coverage generated="1489189619054" clover="3.2.0">
  <project timestamp="1489189619055" name="All files">
    <metrics statements="158" coveredstatements="158" conditionals="40" coveredconditionals="40" methods="78" coveredmethods="78" elements="276" coveredelements="276" complexity="0" loc="158" ncloc="158" packages="4" files="19" classes="19">
      <package name="client">
        <metrics statements="11" coveredstatements="11" conditionals="2" coveredconditionals="2" methods="4" coveredmethods="4"/>
        <file name="store.js" path="/Users/scotthorn/repos/Game-Manager-V2/client/store.js">
          <metrics statements="2" coveredstatements="2" conditionals="2" coveredconditionals="2" methods="0" coveredmethods="0"/>
          <line num="9" count="6" type="stmt"/>
          <line num="11" count="6" type="stmt"/>
        </file>
        <file name="utilities.js" path="/Users/scotthorn/repos/Game-Manager-V2/client/utilities.js">
          <metrics statements="9" coveredstatements="9" conditionals="0" coveredconditionals="0" methods="4" coveredmethods="4"/>
          <line num="1" count="13" type="stmt"/>
          <line num="3" count="15" type="stmt"/>
          <line num="4" count="40" type="stmt"/>
          <line num="5" count="40" type="stmt"/>
          <line num="10" count="13" type="stmt"/>
          <line num="11" count="14" type="stmt"/>
          <line num="13" count="14" type="stmt"/>
          <line num="16" count="13" type="stmt"/>
          <line num="17" count="12" type="stmt"/>
        </file>
      </package>
      <package name="client.actions">
        <metrics statements="43" coveredstatements="43" conditionals="4" coveredconditionals="4" methods="20" coveredmethods="20"/>
        <file name="index.js" path="/Users/scotthorn/repos/Game-Manager-V2/client/actions/index.js">
          <metrics statements="37" coveredstatements="37" conditionals="4" coveredconditionals="4" methods="20" coveredmethods="20"/>
          <line num="10" count="11" type="stmt"/>
          <line num="12" count="9" type="stmt"/>
          <line num="14" count="9" type="stmt"/>
          <line num="24" count="11" type="stmt"/>
          <line num="25" count="38" type="stmt"/>
          <line num="34" count="11" type="stmt"/>
          <line num="35" count="12" type="stmt"/>
          <line num="36" count="1" type="stmt"/>
          <line num="37" count="1" type="stmt"/>
          <line num="40" count="11" type="stmt"/>
          <line num="49" count="11" type="stmt"/>
          <line num="50" count="6" type="stmt"/>
          <line num="52" count="6" type="stmt"/>
          <line num="53" count="6" type="stmt"/>
          <line num="55" count="6" type="stmt"/>
          <line num="56" count="5" type="stmt"/>
          <line num="58" count="1" type="stmt"/>
          <line num="59" count="1" type="stmt"/>
          <line num="61" count="6" type="stmt"/>
          <line num="66" count="11" type="stmt"/>
          <line num="67" count="2" type="stmt"/>
          <line num="69" count="2" type="stmt"/>
          <line num="70" count="2" type="stmt"/>
          <line num="72" count="2" type="stmt"/>
          <line num="73" count="1" type="stmt"/>
          <line num="75" count="1" type="stmt"/>
          <line num="76" count="1" type="stmt"/>
          <line num="77" count="1" type="stmt"/>
          <line num="82" count="11" type="stmt"/>
          <line num="83" count="2" type="stmt"/>
          <line num="85" count="2" type="stmt"/>
          <line num="86" count="2" type="stmt"/>
          <line num="88" count="2" type="stmt"/>
          <line num="89" count="1" type="stmt"/>
          <line num="91" count="1" type="stmt"/>
          <line num="92" count="1" type="stmt"/>
          <line num="93" count="1" type="stmt"/>
        </file>
        <file name="types.js" path="/Users/scotthorn/repos/Game-Manager-V2/client/actions/types.js">
          <metrics statements="6" coveredstatements="6" conditionals="0" coveredconditionals="0" methods="0" coveredmethods="0"/>
          <line num="1" count="11" type="stmt"/>
          <line num="2" count="11" type="stmt"/>
          <line num="3" count="11" type="stmt"/>
          <line num="4" count="11" type="stmt"/>
          <line num="5" count="11" type="stmt"/>
          <line num="6" count="11" type="stmt"/>
        </file>
      </package>
      <package name="client.components">
        <metrics statements="91" coveredstatements="91" conditionals="25" coveredconditionals="25" methods="51" coveredmethods="51"/>
        <file name="create_player.js" path="/Users/scotthorn/repos/Game-Manager-V2/client/components/create_player.js">
          <metrics statements="7" coveredstatements="7" conditionals="0" coveredconditionals="0" methods="5" coveredmethods="5"/>
          <line num="10" count="3" type="stmt"/>
          <line num="12" count="3" type="stmt"/>
          <line num="18" count="1" type="stmt"/>
          <line num="24" count="1" type="stmt"/>
          <line num="30" count="1" type="stmt"/>
          <line num="31" count="1" type="stmt"/>
          <line num="38" count="8" type="stmt"/>
        </file>
        <file name="create_tournament.js" path="/Users/scotthorn/repos/Game-Manager-V2/client/components/create_tournament.js">
          <metrics statements="25" coveredstatements="25" conditionals="3" coveredconditionals="3" methods="15" coveredmethods="15"/>
          <line num="25" count="3" type="stmt"/>
          <line num="27" count="3" type="stmt"/>
          <line num="36" count="1" type="stmt"/>
          <line num="42" count="1" type="stmt"/>
          <line num="48" count="1" type="stmt"/>
          <line num="55" count="1" type="stmt"/>
          <line num="56" count="1" type="stmt"/>
          <line num="57" count="1" type="stmt"/>
          <line num="58" count="1" type="stmt"/>
          <line num="63" count="34" type="stmt"/>
          <line num="64" count="34" type="stmt"/>
          <line num="66" count="34" type="stmt"/>
          <line num="67" count="90" type="stmt"/>
          <line num="68" count="45" type="stmt"/>
          <line num="74" count="2" type="stmt"/>
          <line num="75" count="2" type="stmt"/>
          <line num="76" count="1" type="stmt"/>
          <line num="80" count="2" type="stmt"/>
          <line num="86" count="17" type="stmt"/>
          <line num="87" count="204" type="stmt"/>
          <line num="88" count="102" type="stmt"/>
          <line num="94" count="17" type="stmt"/>
          <line num="96" count="17" type="stmt"/>
          <line num="166" count="3" type="stmt"/>
          <line num="167" count="2" type="stmt"/>
        </file>
        <file name="game.js" path="/Users/scotthorn/repos/Game-Manager-V2/client/components/game.js">
          <metrics statements="9" coveredstatements="9" conditionals="0" coveredconditionals="0" methods="5" coveredmethods="5"/>
          <line num="14" count="1" type="stmt"/>
          <line num="15" count="1" type="stmt"/>
          <line num="21" count="1" type="stmt"/>
          <line num="27" count="1" type="stmt"/>
          <line num="33" count="5" type="stmt"/>
          <line num="34" count="5" type="stmt"/>
          <line num="36" count="5" type="stmt"/>
          <line num="56" count="3" type="stmt"/>
          <line num="61" count="3" type="stmt"/>
        </file>
        <file name="games.js" path="/Users/scotthorn/repos/Game-Manager-V2/client/components/games.js">
          <metrics statements="7" coveredstatements="7" conditionals="1" coveredconditionals="1" methods="5" coveredmethods="5"/>
          <line num="14" count="2" type="stmt"/>
          <line num="18" count="4" type="stmt"/>
          <line num="19" count="4" type="stmt"/>
          <line num="20" count="3" type="stmt"/>
          <line num="25" count="4" type="stmt"/>
          <line num="33" count="2" type="stmt"/>
          <line num="39" count="2" type="stmt"/>
        </file>
        <file name="home.js" path="/Users/scotthorn/repos/Game-Manager-V2/client/components/home.js">
          <metrics statements="1" coveredstatements="1" conditionals="0" coveredconditionals="0" methods="1" coveredmethods="1"/>
          <line num="10" count="1" type="stmt"/>
        </file>
        <file name="play_tournament.js" path="/Users/scotthorn/repos/Game-Manager-V2/client/components/play_tournament.js">
          <metrics statements="4" coveredstatements="4" conditionals="0" coveredconditionals="0" methods="2" coveredmethods="2"/>
          <line num="12" count="1" type="stmt"/>
          <line num="16" count="2" type="stmt"/>
          <line num="18" count="2" type="stmt"/>
          <line num="31" count="1" type="stmt"/>
        </file>
        <file name="player_form.js" path="/Users/scotthorn/repos/Game-Manager-V2/client/components/player_form.js">
          <metrics statements="15" coveredstatements="15" conditionals="14" coveredconditionals="14" methods="7" coveredmethods="7"/>
          <line num="20" count="6" type="stmt"/>
          <line num="21" count="6" type="stmt"/>
          <line num="23" count="6" type="stmt"/>
          <line num="24" count="2" type="stmt"/>
          <line num="30" count="6" type="stmt"/>
          <line num="38" count="2" type="stmt"/>
          <line num="40" count="2" type="stmt"/>
          <line num="41" count="6" type="stmt"/>
          <line num="47" count="5" type="stmt"/>
          <line num="49" count="5" type="stmt"/>
          <line num="52" count="5" type="stmt"/>
          <line num="88" count="6" type="stmt"/>
          <line num="89" count="3" type="stmt"/>
          <line num="90" count="3" type="stmt"/>
          <line num="99" count="6" type="stmt"/>
        </file>
        <file name="player_list.js" path="/Users/scotthorn/repos/Game-Manager-V2/client/components/player_list.js">
          <metrics statements="6" coveredstatements="6" conditionals="3" coveredconditionals="3" methods="3" coveredmethods="3"/>
          <line num="7" count="4" type="stmt"/>
          <line num="8" count="4" type="stmt"/>
          <line num="9" count="3" type="stmt"/>
          <line num="11" count="3" type="stmt"/>
          <line num="14" count="4" type="stmt"/>
          <line num="23" count="4" type="stmt"/>
        </file>
        <file name="player_list_item.js" path="/Users/scotthorn/repos/Game-Manager-V2/client/components/player_list_item.js">
          <metrics statements="4" coveredstatements="4" conditionals="0" coveredconditionals="0" methods="2" coveredmethods="2"/>
          <line num="4" count="5" type="stmt"/>
          <line num="5" count="1" type="stmt"/>
          <line num="6" count="1" type="stmt"/>
          <line num="7" count="1" type="stmt"/>
        </file>
        <file name="tournament.js" path="/Users/scotthorn/repos/Game-Manager-V2/client/components/tournament.js">
          <metrics statements="3" coveredstatements="3" conditionals="1" coveredconditionals="1" methods="1" coveredmethods="1"/>
          <line num="13" count="3" type="stmt"/>
          <line num="14" count="11" type="stmt"/>
          <line num="15" count="11" type="stmt"/>
        </file>
        <file name="tournaments.js" path="/Users/scotthorn/repos/Game-Manager-V2/client/components/tournaments.js">
          <metrics statements="10" coveredstatements="10" conditionals="3" coveredconditionals="3" methods="5" coveredmethods="5"/>
          <line num="21" count="1" type="stmt"/>
          <line num="22" count="1" type="stmt"/>
          <line num="26" count="8" type="stmt"/>
          <line num="28" count="8" type="stmt"/>
          <line num="29" count="30" type="stmt"/>
          <line num="30" count="15" type="stmt"/>
          <line num="32" count="30" type="stmt"/>
          <line num="38" count="3" type="stmt"/>
          <line num="60" count="2" type="stmt"/>
          <line num="62" count="1" type="stmt"/>
        </file>
      </package>
      <package name="client.reducers">
        <metrics statements="13" coveredstatements="13" conditionals="9" coveredconditionals="9" methods="3" coveredmethods="3"/>
        <file name="data_reducer.js" path="/Users/scotthorn/repos/Game-Manager-V2/client/reducers/data_reducer.js">
          <metrics statements="4" coveredstatements="4" conditionals="3" coveredconditionals="3" methods="1" coveredmethods="1"/>
          <line num="9" count="7" type="stmt"/>
          <line num="16" count="40" type="stmt"/>
          <line num="18" count="3" type="stmt"/>
          <line num="20" count="37" type="stmt"/>
        </file>
        <file name="index.js" path="/Users/scotthorn/repos/Game-Manager-V2/client/reducers/index.js">
          <metrics statements="1" coveredstatements="1" conditionals="0" coveredconditionals="0" methods="0" coveredmethods="0"/>
          <line num="12" count="7" type="stmt"/>
        </file>
        <file name="isError.js" path="/Users/scotthorn/repos/Game-Manager-V2/client/reducers/isError.js">
          <metrics statements="4" coveredstatements="4" conditionals="3" coveredconditionals="3" methods="1" coveredmethods="1"/>
          <line num="5" count="7" type="stmt"/>
          <line num="13" count="39" type="stmt"/>
          <line num="15" count="2" type="stmt"/>
          <line num="17" count="37" type="stmt"/>
        </file>
        <file name="isLoading.js" path="/Users/scotthorn/repos/Game-Manager-V2/client/reducers/isLoading.js">
          <metrics statements="4" coveredstatements="4" conditionals="3" coveredconditionals="3" methods="1" coveredmethods="1"/>
          <line num="4" count="7" type="stmt"/>
          <line num="11" count="40" type="stmt"/>
          <line num="13" count="8" type="stmt"/>
          <line num="15" count="32" type="stmt"/>
        </file>
      </package>
    </metrics>
  </project>
</coverage>
