{"/Users/scotthorn/repos/Game-Manager-V2/client/store.js": {"path":"/Users/scotthorn/repos/Game-Manager-V2/client/store.js","statementMap":{"0":{"start":{"line":9,"column":25},"end":{"line":9,"column":79}},"1":{"start":{"line":11,"column":21},"end":{"line":13,"column":2}}},"fnMap":{},"branchMap":{"0":{"loc":{"start":{"line":9,"column":25},"end":{"line":9,"column":79}},"type":"binary-expr","locations":[{"start":{"line":9,"column":25},"end":{"line":9,"column":68}},{"start":{"line":9,"column":72},"end":{"line":9,"column":79}}]}},"s":{"0":6,"1":6},"f":{},"b":{"0":[6,6]},"_coverageSchema":"332fd63041d2c1bcb487cc26dd0d5f7d97098a6c","hash":"8fcef627d96ca14d0e28c189c50f71c2d65cc7dc"}
,"/Users/scotthorn/repos/Game-Manager-V2/client/utilities.js": {"path":"/Users/scotthorn/repos/Game-Manager-V2/client/utilities.js","statementMap":{"0":{"start":{"line":1,"column":25},"end":{"line":8,"column":1}},"1":{"start":{"line":3,"column":2},"end":{"line":6,"column":9}},"2":{"start":{"line":4,"column":4},"end":{"line":4,"column":31}},"3":{"start":{"line":5,"column":4},"end":{"line":5,"column":22}},"4":{"start":{"line":10,"column":28},"end":{"line":14,"column":1}},"5":{"start":{"line":11,"column":29},"end":{"line":11,"column":43}},"6":{"start":{"line":13,"column":2},"end":{"line":13,"column":38}},"7":{"start":{"line":16,"column":29},"end":{"line":18,"column":1}},"8":{"start":{"line":17,"column":2},"end":{"line":17,"column":54}}},"fnMap":{"0":{"name":"(anonymous_0)","decl":{"start":{"line":1,"column":25},"end":{"line":1,"column":26}},"loc":{"start":{"line":1,"column":43},"end":{"line":8,"column":1}}},"1":{"name":"(anonymous_1)","decl":{"start":{"line":3,"column":29},"end":{"line":3,"column":30}},"loc":{"start":{"line":3,"column":51},"end":{"line":6,"column":3}}},"2":{"name":"(anonymous_2)","decl":{"start":{"line":10,"column":28},"end":{"line":10,"column":29}},"loc":{"start":{"line":10,"column":47},"end":{"line":14,"column":1}}},"3":{"name":"(anonymous_3)","decl":{"start":{"line":16,"column":29},"end":{"line":16,"column":30}},"loc":{"start":{"line":16,"column":58},"end":{"line":18,"column":1}}}},"branchMap":{},"s":{"0":13,"1":15,"2":40,"3":40,"4":13,"5":14,"6":14,"7":13,"8":12},"f":{"0":15,"1":40,"2":14,"3":12},"b":{},"_coverageSchema":"332fd63041d2c1bcb487cc26dd0d5f7d97098a6c","hash":"172b256c6da6b20c44ceb6eeafbcce44276b8ad4"}
,"/Users/scotthorn/repos/Game-Manager-V2/client/actions/index.js": {"path":"/Users/scotthorn/repos/Game-Manager-V2/client/actions/index.js","statementMap":{"0":{"start":{"line":10,"column":26},"end":{"line":21,"column":1}},"1":{"start":{"line":12,"column":14},"end":{"line":12,"column":55}},"2":{"start":{"line":14,"column":2},"end":{"line":20,"column":4}},"3":{"start":{"line":24,"column":26},"end":{"line":32,"column":1}},"4":{"start":{"line":25,"column":2},"end":{"line":31,"column":4}},"5":{"start":{"line":34,"column":23},"end":{"line":47,"column":1}},"6":{"start":{"line":35,"column":2},"end":{"line":38,"column":3}},"7":{"start":{"line":36,"column":16},"end":{"line":36,"column":118}},"8":{"start":{"line":37,"column":4},"end":{"line":37,"column":61}},"9":{"start":{"line":37,"column":23},"end":{"line":37,"column":60}},"10":{"start":{"line":40,"column":2},"end":{"line":46,"column":4}},"11":{"start":{"line":49,"column":21},"end":{"line":64,"column":1}},"12":{"start":{"line":50,"column":16},"end":{"line":50,"column":57}},"13":{"start":{"line":52,"column":2},"end":{"line":63,"column":4}},"14":{"start":{"line":53,"column":4},"end":{"line":53,"column":41}},"15":{"start":{"line":55,"column":4},"end":{"line":62,"column":7}},"16":{"start":{"line":55,"column":36},"end":{"line":55,"column":49}},"17":{"start":{"line":56,"column":6},"end":{"line":56,"column":40}},"18":{"start":{"line":58,"column":17},"end":{"line":58,"column":31}},"19":{"start":{"line":59,"column":6},"end":{"line":59,"column":43}},"20":{"start":{"line":61,"column":6},"end":{"line":61,"column":44}},"21":{"start":{"line":66,"column":22},"end":{"line":80,"column":1}},"22":{"start":{"line":67,"column":13},"end":{"line":67,"column":45}},"23":{"start":{"line":69,"column":2},"end":{"line":79,"column":4}},"24":{"start":{"line":70,"column":4},"end":{"line":70,"column":41}},"25":{"start":{"line":72,"column":4},"end":{"line":78,"column":7}},"26":{"start":{"line":72,"column":33},"end":{"line":72,"column":49}},"27":{"start":{"line":73,"column":6},"end":{"line":73,"column":37}},"28":{"start":{"line":75,"column":17},"end":{"line":75,"column":31}},"29":{"start":{"line":76,"column":6},"end":{"line":76,"column":43}},"30":{"start":{"line":77,"column":6},"end":{"line":77,"column":44}},"31":{"start":{"line":82,"column":22},"end":{"line":96,"column":1}},"32":{"start":{"line":83,"column":12},"end":{"line":83,"column":43}},"33":{"start":{"line":85,"column":2},"end":{"line":95,"column":4}},"34":{"start":{"line":86,"column":4},"end":{"line":86,"column":41}},"35":{"start":{"line":88,"column":4},"end":{"line":94,"column":7}},"36":{"start":{"line":88,"column":32},"end":{"line":88,"column":48}},"37":{"start":{"line":89,"column":6},"end":{"line":89,"column":37}},"38":{"start":{"line":91,"column":17},"end":{"line":91,"column":31}},"39":{"start":{"line":92,"column":6},"end":{"line":92,"column":43}},"40":{"start":{"line":93,"column":6},"end":{"line":93,"column":44}}},"fnMap":{"0":{"name":"(anonymous_0)","decl":{"start":{"line":10,"column":26},"end":{"line":10,"column":27}},"loc":{"start":{"line":10,"column":46},"end":{"line":21,"column":1}}},"1":{"name":"(anonymous_1)","decl":{"start":{"line":24,"column":26},"end":{"line":24,"column":27}},"loc":{"start":{"line":24,"column":46},"end":{"line":32,"column":1}}},"2":{"name":"(anonymous_2)","decl":{"start":{"line":34,"column":23},"end":{"line":34,"column":24}},"loc":{"start":{"line":34,"column":43},"end":{"line":47,"column":1}}},"3":{"name":"(anonymous_3)","decl":{"start":{"line":37,"column":11},"end":{"line":37,"column":12}},"loc":{"start":{"line":37,"column":23},"end":{"line":37,"column":60}}},"4":{"name":"(anonymous_4)","decl":{"start":{"line":49,"column":21},"end":{"line":49,"column":22}},"loc":{"start":{"line":49,"column":46},"end":{"line":64,"column":1}}},"5":{"name":"(anonymous_5)","decl":{"start":{"line":52,"column":9},"end":{"line":52,"column":10}},"loc":{"start":{"line":52,"column":21},"end":{"line":63,"column":3}}},"6":{"name":"(anonymous_6)","decl":{"start":{"line":55,"column":24},"end":{"line":55,"column":25}},"loc":{"start":{"line":55,"column":36},"end":{"line":55,"column":49}}},"7":{"name":"(anonymous_7)","decl":{"start":{"line":55,"column":56},"end":{"line":55,"column":57}},"loc":{"start":{"line":55,"column":64},"end":{"line":57,"column":5}}},"8":{"name":"(anonymous_8)","decl":{"start":{"line":57,"column":13},"end":{"line":57,"column":14}},"loc":{"start":{"line":57,"column":22},"end":{"line":60,"column":5}}},"9":{"name":"(anonymous_9)","decl":{"start":{"line":60,"column":12},"end":{"line":60,"column":13}},"loc":{"start":{"line":60,"column":19},"end":{"line":62,"column":5}}},"10":{"name":"(anonymous_10)","decl":{"start":{"line":66,"column":22},"end":{"line":66,"column":23}},"loc":{"start":{"line":66,"column":42},"end":{"line":80,"column":1}}},"11":{"name":"(anonymous_11)","decl":{"start":{"line":69,"column":9},"end":{"line":69,"column":10}},"loc":{"start":{"line":69,"column":21},"end":{"line":79,"column":3}}},"12":{"name":"(anonymous_12)","decl":{"start":{"line":72,"column":21},"end":{"line":72,"column":22}},"loc":{"start":{"line":72,"column":33},"end":{"line":72,"column":49}}},"13":{"name":"(anonymous_13)","decl":{"start":{"line":72,"column":56},"end":{"line":72,"column":57}},"loc":{"start":{"line":73,"column":6},"end":{"line":73,"column":37}}},"14":{"name":"(anonymous_14)","decl":{"start":{"line":74,"column":12},"end":{"line":74,"column":13}},"loc":{"start":{"line":74,"column":21},"end":{"line":78,"column":5}}},"15":{"name":"(anonymous_15)","decl":{"start":{"line":82,"column":22},"end":{"line":82,"column":23}},"loc":{"start":{"line":82,"column":55},"end":{"line":96,"column":1}}},"16":{"name":"(anonymous_16)","decl":{"start":{"line":85,"column":9},"end":{"line":85,"column":10}},"loc":{"start":{"line":85,"column":21},"end":{"line":95,"column":3}}},"17":{"name":"(anonymous_17)","decl":{"start":{"line":88,"column":20},"end":{"line":88,"column":21}},"loc":{"start":{"line":88,"column":32},"end":{"line":88,"column":48}}},"18":{"name":"(anonymous_18)","decl":{"start":{"line":88,"column":55},"end":{"line":88,"column":56}},"loc":{"start":{"line":89,"column":6},"end":{"line":89,"column":37}}},"19":{"name":"(anonymous_19)","decl":{"start":{"line":90,"column":12},"end":{"line":90,"column":13}},"loc":{"start":{"line":90,"column":21},"end":{"line":94,"column":5}}}},"branchMap":{"0":{"loc":{"start":{"line":35,"column":2},"end":{"line":38,"column":3}},"type":"if","locations":[{"start":{"line":35,"column":2},"end":{"line":38,"column":3}},{"start":{"line":35,"column":2},"end":{"line":38,"column":3}}]},"1":{"loc":{"start":{"line":49,"column":32},"end":{"line":49,"column":41}},"type":"default-arg","locations":[{"start":{"line":49,"column":39},"end":{"line":49,"column":41}}]},"2":{"loc":{"start":{"line":82,"column":39},"end":{"line":82,"column":50}},"type":"default-arg","locations":[{"start":{"line":82,"column":48},"end":{"line":82,"column":50}}]}},"s":{"0":11,"1":9,"2":9,"3":11,"4":38,"5":11,"6":12,"7":1,"8":1,"9":1,"10":11,"11":11,"12":6,"13":6,"14":6,"15":6,"16":5,"17":5,"18":1,"19":1,"20":6,"21":11,"22":2,"23":2,"24":2,"25":2,"26":1,"27":1,"28":1,"29":1,"30":1,"31":11,"32":2,"33":2,"34":2,"35":2,"36":1,"37":1,"38":1,"39":1,"40":1},"f":{"0":9,"1":38,"2":12,"3":1,"4":6,"5":6,"6":5,"7":5,"8":1,"9":6,"10":2,"11":2,"12":1,"13":1,"14":1,"15":2,"16":2,"17":1,"18":1,"19":1},"b":{"0":[1,11],"1":[1],"2":[2]},"_coverageSchema":"332fd63041d2c1bcb487cc26dd0d5f7d97098a6c","hash":"b49b4874199d732da5429f5ac848c385a625bb1d"}
,"/Users/scotthorn/repos/Game-Manager-V2/client/actions/types.js": {"path":"/Users/scotthorn/repos/Game-Manager-V2/client/actions/types.js","statementMap":{"0":{"start":{"line":1,"column":27},"end":{"line":1,"column":40}},"1":{"start":{"line":2,"column":27},"end":{"line":2,"column":40}},"2":{"start":{"line":3,"column":23},"end":{"line":3,"column":32}},"3":{"start":{"line":4,"column":21},"end":{"line":4,"column":28}},"4":{"start":{"line":5,"column":22},"end":{"line":5,"column":30}},"5":{"start":{"line":6,"column":20},"end":{"line":6,"column":26}}},"fnMap":{},"branchMap":{},"s":{"0":11,"1":11,"2":11,"3":11,"4":11,"5":11},"f":{},"b":{},"_coverageSchema":"332fd63041d2c1bcb487cc26dd0d5f7d97098a6c","hash":"ef05c8ebaa31d950e9d0e9c1818b5fb18ded4fd0"}
,"/Users/scotthorn/repos/Game-Manager-V2/client/components/create_player.js": {"path":"/Users/scotthorn/repos/Game-Manager-V2/client/components/create_player.js","statementMap":{"0":{"start":{"line":10,"column":4},"end":{"line":10,"column":12}},"1":{"start":{"line":12,"column":4},"end":{"line":14,"column":6}},"2":{"start":{"line":18,"column":4},"end":{"line":20,"column":7}},"3":{"start":{"line":24,"column":4},"end":{"line":26,"column":7}},"4":{"start":{"line":30,"column":4},"end":{"line":30,"column":41}},"5":{"start":{"line":31,"column":4},"end":{"line":33,"column":7}},"6":{"start":{"line":38,"column":4},"end":{"line":55,"column":6}}},"fnMap":{"0":{"name":"(anonymous_0)","decl":{"start":{"line":9,"column":2},"end":{"line":9,"column":3}},"loc":{"start":{"line":9,"column":16},"end":{"line":15,"column":3}}},"1":{"name":"(anonymous_1)","decl":{"start":{"line":17,"column":2},"end":{"line":17,"column":3}},"loc":{"start":{"line":17,"column":9},"end":{"line":21,"column":3}}},"2":{"name":"(anonymous_2)","decl":{"start":{"line":23,"column":2},"end":{"line":23,"column":3}},"loc":{"start":{"line":23,"column":10},"end":{"line":27,"column":3}}},"3":{"name":"(anonymous_3)","decl":{"start":{"line":29,"column":2},"end":{"line":29,"column":3}},"loc":{"start":{"line":29,"column":23},"end":{"line":34,"column":3}}},"4":{"name":"(anonymous_4)","decl":{"start":{"line":36,"column":2},"end":{"line":36,"column":3}},"loc":{"start":{"line":36,"column":11},"end":{"line":56,"column":3}}}},"branchMap":{},"s":{"0":3,"1":3,"2":1,"3":1,"4":1,"5":1,"6":8},"f":{"0":3,"1":1,"2":1,"3":1,"4":8},"b":{},"_coverageSchema":"332fd63041d2c1bcb487cc26dd0d5f7d97098a6c","hash":"c8380ddfe56867e50c4aedffe40fc19615c58984"}
,"/Users/scotthorn/repos/Game-Manager-V2/client/components/create_tournament.js": {"path":"/Users/scotthorn/repos/Game-Manager-V2/client/components/create_tournament.js","statementMap":{"0":{"start":{"line":25,"column":4},"end":{"line":25,"column":12}},"1":{"start":{"line":27,"column":4},"end":{"line":32,"column":6}},"2":{"start":{"line":36,"column":4},"end":{"line":38,"column":7}},"3":{"start":{"line":42,"column":4},"end":{"line":44,"column":7}},"4":{"start":{"line":48,"column":4},"end":{"line":50,"column":7}},"5":{"start":{"line":55,"column":4},"end":{"line":55,"column":23}},"6":{"start":{"line":56,"column":34},"end":{"line":56,"column":44}},"7":{"start":{"line":57,"column":4},"end":{"line":57,"column":32}},"8":{"start":{"line":58,"column":4},"end":{"line":58,"column":62}},"9":{"start":{"line":63,"column":27},"end":{"line":63,"column":37}},"10":{"start":{"line":64,"column":20},"end":{"line":64,"column":30}},"11":{"start":{"line":66,"column":4},"end":{"line":68,"column":29}},"12":{"start":{"line":67,"column":6},"end":{"line":67,"column":41}},"13":{"start":{"line":68,"column":16},"end":{"line":68,"column":27}},"14":{"start":{"line":74,"column":20},"end":{"line":74,"column":30}},"15":{"start":{"line":75,"column":19},"end":{"line":79,"column":5}},"16":{"start":{"line":76,"column":32},"end":{"line":76,"column":46}},"17":{"start":{"line":80,"column":4},"end":{"line":82,"column":7}},"18":{"start":{"line":86,"column":4},"end":{"line":88,"column":122}},"19":{"start":{"line":87,"column":21},"end":{"line":87,"column":34}},"20":{"start":{"line":88,"column":19},"end":{"line":88,"column":118}},"21":{"start":{"line":94,"column":41},"end":{"line":94,"column":51}},"22":{"start":{"line":96,"column":4},"end":{"line":162,"column":6}},"23":{"start":{"line":166,"column":31},"end":{"line":170,"column":1}},"24":{"start":{"line":167,"column":2},"end":{"line":169,"column":4}}},"fnMap":{"0":{"name":"(anonymous_0)","decl":{"start":{"line":24,"column":2},"end":{"line":24,"column":3}},"loc":{"start":{"line":24,"column":16},"end":{"line":33,"column":3}}},"1":{"name":"(anonymous_1)","decl":{"start":{"line":35,"column":2},"end":{"line":35,"column":3}},"loc":{"start":{"line":35,"column":23},"end":{"line":39,"column":3}}},"2":{"name":"(anonymous_2)","decl":{"start":{"line":41,"column":2},"end":{"line":41,"column":3}},"loc":{"start":{"line":41,"column":18},"end":{"line":45,"column":3}}},"3":{"name":"(anonymous_3)","decl":{"start":{"line":47,"column":2},"end":{"line":47,"column":3}},"loc":{"start":{"line":47,"column":17},"end":{"line":51,"column":3}}},"4":{"name":"(anonymous_4)","decl":{"start":{"line":54,"column":2},"end":{"line":54,"column":3}},"loc":{"start":{"line":54,"column":18},"end":{"line":59,"column":3}}},"5":{"name":"(anonymous_5)","decl":{"start":{"line":62,"column":2},"end":{"line":62,"column":3}},"loc":{"start":{"line":62,"column":22},"end":{"line":69,"column":3}}},"6":{"name":"(anonymous_6)","decl":{"start":{"line":66,"column":39},"end":{"line":66,"column":40}},"loc":{"start":{"line":67,"column":6},"end":{"line":67,"column":41}}},"7":{"name":"(anonymous_7)","decl":{"start":{"line":68,"column":10},"end":{"line":68,"column":11}},"loc":{"start":{"line":68,"column":16},"end":{"line":68,"column":27}}},"8":{"name":"(anonymous_8)","decl":{"start":{"line":73,"column":2},"end":{"line":73,"column":3}},"loc":{"start":{"line":73,"column":11},"end":{"line":83,"column":3}}},"9":{"name":"(anonymous_9)","decl":{"start":{"line":76,"column":19},"end":{"line":76,"column":20}},"loc":{"start":{"line":76,"column":32},"end":{"line":76,"column":46}}},"10":{"name":"(anonymous_10)","decl":{"start":{"line":85,"column":2},"end":{"line":85,"column":3}},"loc":{"start":{"line":85,"column":24},"end":{"line":89,"column":3}}},"11":{"name":"(anonymous_11)","decl":{"start":{"line":87,"column":14},"end":{"line":87,"column":15}},"loc":{"start":{"line":87,"column":21},"end":{"line":87,"column":34}}},"12":{"name":"(anonymous_12)","decl":{"start":{"line":88,"column":11},"end":{"line":88,"column":12}},"loc":{"start":{"line":88,"column":19},"end":{"line":88,"column":118}}},"13":{"name":"(anonymous_13)","decl":{"start":{"line":93,"column":2},"end":{"line":93,"column":3}},"loc":{"start":{"line":93,"column":11},"end":{"line":163,"column":3}}},"14":{"name":"(anonymous_14)","decl":{"start":{"line":166,"column":31},"end":{"line":166,"column":32}},"loc":{"start":{"line":166,"column":43},"end":{"line":170,"column":1}}}},"branchMap":{"0":{"loc":{"start":{"line":63,"column":10},"end":{"line":63,"column":22}},"type":"default-arg","locations":[{"start":{"line":63,"column":20},"end":{"line":63,"column":22}}]},"1":{"loc":{"start":{"line":75,"column":19},"end":{"line":79,"column":5}},"type":"cond-expr","locations":[{"start":{"line":76,"column":6},"end":{"line":76,"column":47}},{"start":{"line":78,"column":6},"end":{"line":78,"column":20}}]}},"s":{"0":3,"1":3,"2":1,"3":1,"4":1,"5":1,"6":1,"7":1,"8":1,"9":34,"10":34,"11":34,"12":90,"13":45,"14":2,"15":2,"16":1,"17":2,"18":17,"19":204,"20":102,"21":17,"22":17,"23":3,"24":2},"f":{"0":3,"1":1,"2":1,"3":1,"4":1,"5":34,"6":90,"7":45,"8":2,"9":1,"10":17,"11":204,"12":102,"13":17,"14":2},"b":{"0":[2],"1":[1,1]},"_coverageSchema":"332fd63041d2c1bcb487cc26dd0d5f7d97098a6c","hash":"8d7410e56c1732ff162687bcb288002d6a725cf3"}
,"/Users/scotthorn/repos/Game-Manager-V2/client/components/game.js": {"path":"/Users/scotthorn/repos/Game-Manager-V2/client/components/game.js","statementMap":{"0":{"start":{"line":14,"column":4},"end":{"line":14,"column":12}},"1":{"start":{"line":15,"column":4},"end":{"line":17,"column":6}},"2":{"start":{"line":21,"column":4},"end":{"line":23,"column":7}},"3":{"start":{"line":27,"column":4},"end":{"line":29,"column":7}},"4":{"start":{"line":33,"column":19},"end":{"line":33,"column":29}},"5":{"start":{"line":34,"column":22},"end":{"line":34,"column":32}},"6":{"start":{"line":36,"column":4},"end":{"line":52,"column":6}},"7":{"start":{"line":56,"column":0},"end":{"line":59,"column":2}},"8":{"start":{"line":61,"column":31},"end":{"line":63,"column":2}},"9":{"start":{"line":61,"column":46},"end":{"line":63,"column":1}}},"fnMap":{"0":{"name":"(anonymous_0)","decl":{"start":{"line":13,"column":2},"end":{"line":13,"column":3}},"loc":{"start":{"line":13,"column":16},"end":{"line":18,"column":3}}},"1":{"name":"(anonymous_1)","decl":{"start":{"line":20,"column":2},"end":{"line":20,"column":3}},"loc":{"start":{"line":20,"column":9},"end":{"line":24,"column":3}}},"2":{"name":"(anonymous_2)","decl":{"start":{"line":26,"column":2},"end":{"line":26,"column":3}},"loc":{"start":{"line":26,"column":10},"end":{"line":30,"column":3}}},"3":{"name":"(anonymous_3)","decl":{"start":{"line":32,"column":2},"end":{"line":32,"column":3}},"loc":{"start":{"line":32,"column":11},"end":{"line":53,"column":3}}},"4":{"name":"(anonymous_4)","decl":{"start":{"line":61,"column":31},"end":{"line":61,"column":32}},"loc":{"start":{"line":61,"column":46},"end":{"line":63,"column":1}}}},"branchMap":{},"s":{"0":1,"1":1,"2":1,"3":1,"4":5,"5":5,"6":5,"7":3,"8":3,"9":1},"f":{"0":1,"1":1,"2":1,"3":5,"4":1},"b":{},"_coverageSchema":"332fd63041d2c1bcb487cc26dd0d5f7d97098a6c","hash":"0a522af5231a5ee25bda375c86c520c1c0c33493"}
,"/Users/scotthorn/repos/Game-Manager-V2/client/components/games.js": {"path":"/Users/scotthorn/repos/Game-Manager-V2/client/components/games.js","statementMap":{"0":{"start":{"line":14,"column":4},"end":{"line":14,"column":79}},"1":{"start":{"line":18,"column":25},"end":{"line":18,"column":35}},"2":{"start":{"line":19,"column":4},"end":{"line":21,"column":7}},"3":{"start":{"line":20,"column":6},"end":{"line":20,"column":40}},"4":{"start":{"line":25,"column":4},"end":{"line":29,"column":6}},"5":{"start":{"line":33,"column":31},"end":{"line":35,"column":2}},"6":{"start":{"line":33,"column":46},"end":{"line":35,"column":1}},"7":{"start":{"line":39,"column":0},"end":{"line":41,"column":2}}},"fnMap":{"0":{"name":"(anonymous_0)","decl":{"start":{"line":13,"column":2},"end":{"line":13,"column":3}},"loc":{"start":{"line":13,"column":22},"end":{"line":15,"column":3}}},"1":{"name":"(anonymous_1)","decl":{"start":{"line":17,"column":2},"end":{"line":17,"column":3}},"loc":{"start":{"line":17,"column":16},"end":{"line":22,"column":3}}},"2":{"name":"(anonymous_2)","decl":{"start":{"line":19,"column":34},"end":{"line":19,"column":35}},"loc":{"start":{"line":20,"column":6},"end":{"line":20,"column":40}}},"3":{"name":"(anonymous_3)","decl":{"start":{"line":24,"column":2},"end":{"line":24,"column":3}},"loc":{"start":{"line":24,"column":11},"end":{"line":30,"column":3}}},"4":{"name":"(anonymous_4)","decl":{"start":{"line":33,"column":31},"end":{"line":33,"column":32}},"loc":{"start":{"line":33,"column":46},"end":{"line":35,"column":1}}}},"branchMap":{"0":{"loc":{"start":{"line":18,"column":10},"end":{"line":18,"column":20}},"type":"default-arg","locations":[{"start":{"line":18,"column":18},"end":{"line":18,"column":20}}]}},"s":{"0":2,"1":4,"2":4,"3":3,"4":4,"5":2,"6":2,"7":2},"f":{"0":2,"1":4,"2":3,"3":4,"4":2},"b":{"0":[2]},"_coverageSchema":"332fd63041d2c1bcb487cc26dd0d5f7d97098a6c","hash":"840ade1b472d44f20fe7e430b51948f3ee5e75ce"}
,"/Users/scotthorn/repos/Game-Manager-V2/client/components/home.js": {"path":"/Users/scotthorn/repos/Game-Manager-V2/client/components/home.js","statementMap":{"0":{"start":{"line":10,"column":2},"end":{"line":17,"column":8}}},"fnMap":{"0":{"name":"(anonymous_0)","decl":{"start":{"line":9,"column":15},"end":{"line":9,"column":16}},"loc":{"start":{"line":10,"column":2},"end":{"line":17,"column":8}}}},"branchMap":{},"s":{"0":1},"f":{"0":1},"b":{},"_coverageSchema":"332fd63041d2c1bcb487cc26dd0d5f7d97098a6c","hash":"790e3313ae03da66a100bbbdc2df11fc388b40bc"}
,"/Users/scotthorn/repos/Game-Manager-V2/client/components/play_tournament.js": {"path":"/Users/scotthorn/repos/Game-Manager-V2/client/components/play_tournament.js","statementMap":{"0":{"start":{"line":12,"column":4},"end":{"line":12,"column":36}},"1":{"start":{"line":16,"column":21},"end":{"line":16,"column":31}},"2":{"start":{"line":18,"column":4},"end":{"line":27,"column":6}},"3":{"start":{"line":31,"column":0},"end":{"line":33,"column":2}}},"fnMap":{"0":{"name":"(anonymous_0)","decl":{"start":{"line":11,"column":2},"end":{"line":11,"column":3}},"loc":{"start":{"line":11,"column":25},"end":{"line":13,"column":3}}},"1":{"name":"(anonymous_1)","decl":{"start":{"line":15,"column":2},"end":{"line":15,"column":3}},"loc":{"start":{"line":15,"column":11},"end":{"line":28,"column":3}}}},"branchMap":{},"s":{"0":1,"1":2,"2":2,"3":1},"f":{"0":1,"1":2},"b":{},"_coverageSchema":"332fd63041d2c1bcb487cc26dd0d5f7d97098a6c","hash":"15b88d6c89e6d98885a11f2cbc857fecd31d8663"}
,"/Users/scotthorn/repos/Game-Manager-V2/client/components/player_form.js": {"path":"/Users/scotthorn/repos/Game-Manager-V2/client/components/player_form.js","statementMap":{"0":{"start":{"line":20,"column":24},"end":{"line":20,"column":92}},"1":{"start":{"line":20,"column":33},"end":{"line":20,"column":92}},"2":{"start":{"line":21,"column":34},"end":{"line":21,"column":103}},"3":{"start":{"line":21,"column":55},"end":{"line":21,"column":103}},"4":{"start":{"line":23,"column":27},"end":{"line":27,"column":1}},"5":{"start":{"line":24,"column":2},"end":{"line":26,"column":14}},"6":{"start":{"line":30,"column":2},"end":{"line":32,"column":12}},"7":{"start":{"line":38,"column":25},"end":{"line":38,"column":35}},"8":{"start":{"line":40,"column":4},"end":{"line":42,"column":18}},"9":{"start":{"line":41,"column":6},"end":{"line":41,"column":115}},"10":{"start":{"line":47,"column":91},"end":{"line":47,"column":101}},"11":{"start":{"line":49,"column":21},"end":{"line":49,"column":89}},"12":{"start":{"line":52,"column":4},"end":{"line":82,"column":6}},"13":{"start":{"line":88,"column":24},"end":{"line":96,"column":1}},"14":{"start":{"line":89,"column":29},"end":{"line":89,"column":34}},"15":{"start":{"line":90,"column":2},"end":{"line":95,"column":4}},"16":{"start":{"line":99,"column":18},"end":{"line":101,"column":13}}},"fnMap":{"0":{"name":"(anonymous_0)","decl":{"start":{"line":20,"column":24},"end":{"line":20,"column":25}},"loc":{"start":{"line":20,"column":33},"end":{"line":20,"column":92}}},"1":{"name":"(anonymous_1)","decl":{"start":{"line":21,"column":34},"end":{"line":21,"column":35}},"loc":{"start":{"line":21,"column":55},"end":{"line":21,"column":103}}},"2":{"name":"(anonymous_2)","decl":{"start":{"line":23,"column":27},"end":{"line":23,"column":28}},"loc":{"start":{"line":24,"column":2},"end":{"line":26,"column":14}}},"3":{"name":"(anonymous_3)","decl":{"start":{"line":37,"column":2},"end":{"line":37,"column":3}},"loc":{"start":{"line":37,"column":18},"end":{"line":43,"column":3}}},"4":{"name":"(anonymous_4)","decl":{"start":{"line":40,"column":42},"end":{"line":40,"column":43}},"loc":{"start":{"line":41,"column":6},"end":{"line":41,"column":115}}},"5":{"name":"(anonymous_5)","decl":{"start":{"line":46,"column":2},"end":{"line":46,"column":3}},"loc":{"start":{"line":46,"column":11},"end":{"line":83,"column":3}}},"6":{"name":"(anonymous_6)","decl":{"start":{"line":88,"column":24},"end":{"line":88,"column":25}},"loc":{"start":{"line":88,"column":33},"end":{"line":96,"column":1}}}},"branchMap":{"0":{"loc":{"start":{"line":20,"column":33},"end":{"line":20,"column":92}},"type":"cond-expr","locations":[{"start":{"line":20,"column":41},"end":{"line":20,"column":50}},{"start":{"line":20,"column":53},"end":{"line":20,"column":92}}]},"1":{"loc":{"start":{"line":21,"column":55},"end":{"line":21,"column":103}},"type":"cond-expr","locations":[{"start":{"line":21,"column":66},"end":{"line":21,"column":70}},{"start":{"line":21,"column":74},"end":{"line":21,"column":101}}]},"2":{"loc":{"start":{"line":21,"column":74},"end":{"line":21,"column":101}},"type":"cond-expr","locations":[{"start":{"line":21,"column":82},"end":{"line":21,"column":91}},{"start":{"line":21,"column":94},"end":{"line":21,"column":101}}]},"3":{"loc":{"start":{"line":41,"column":6},"end":{"line":41,"column":115}},"type":"cond-expr","locations":[{"start":{"line":41,"column":70},"end":{"line":41,"column":107}},{"start":{"line":41,"column":110},"end":{"line":41,"column":115}}]},"4":{"loc":{"start":{"line":49,"column":21},"end":{"line":49,"column":89}},"type":"cond-expr","locations":[{"start":{"line":49,"column":34},"end":{"line":49,"column":43}},{"start":{"line":49,"column":47},"end":{"line":49,"column":88}}]},"5":{"loc":{"start":{"line":49,"column":47},"end":{"line":49,"column":88}},"type":"cond-expr","locations":[{"start":{"line":49,"column":57},"end":{"line":49,"column":66}},{"start":{"line":49,"column":69},"end":{"line":49,"column":88}}]},"6":{"loc":{"start":{"line":76,"column":46},"end":{"line":76,"column":70}},"type":"binary-expr","locations":[{"start":{"line":76,"column":46},"end":{"line":76,"column":56}},{"start":{"line":76,"column":60},"end":{"line":76,"column":70}}]}},"s":{"0":6,"1":3,"2":6,"3":5,"4":6,"5":2,"6":6,"7":2,"8":2,"9":6,"10":5,"11":5,"12":5,"13":6,"14":3,"15":3,"16":6},"f":{"0":3,"1":5,"2":2,"3":2,"4":6,"5":5,"6":3},"b":{"0":[1,2],"1":[3,2],"2":[1,1],"3":[1,5],"4":[3,2],"5":[1,1],"6":[5,4]},"_coverageSchema":"332fd63041d2c1bcb487cc26dd0d5f7d97098a6c","hash":"e2a21bd0ba59b8bbde27c03898f0d67602dd6cb6"}
,"/Users/scotthorn/repos/Game-Manager-V2/client/components/player_list.js": {"path":"/Users/scotthorn/repos/Game-Manager-V2/client/components/player_list.js","statementMap":{"0":{"start":{"line":7,"column":19},"end":{"line":20,"column":1}},"1":{"start":{"line":8,"column":13},"end":{"line":12,"column":3}},"2":{"start":{"line":9,"column":4},"end":{"line":9,"column":61}},"3":{"start":{"line":11,"column":4},"end":{"line":11,"column":65}},"4":{"start":{"line":14,"column":2},"end":{"line":19,"column":4}},"5":{"start":{"line":23,"column":0},"end":{"line":28,"column":2}}},"fnMap":{"0":{"name":"(anonymous_0)","decl":{"start":{"line":7,"column":19},"end":{"line":7,"column":20}},"loc":{"start":{"line":7,"column":69},"end":{"line":20,"column":1}}},"1":{"name":"(anonymous_1)","decl":{"start":{"line":8,"column":28},"end":{"line":8,"column":29}},"loc":{"start":{"line":9,"column":4},"end":{"line":9,"column":61}}},"2":{"name":"(anonymous_2)","decl":{"start":{"line":10,"column":8},"end":{"line":10,"column":9}},"loc":{"start":{"line":11,"column":4},"end":{"line":11,"column":65}}}},"branchMap":{"0":{"loc":{"start":{"line":7,"column":21},"end":{"line":7,"column":33}},"type":"default-arg","locations":[{"start":{"line":7,"column":31},"end":{"line":7,"column":33}}]},"1":{"loc":{"start":{"line":17,"column":7},"end":{"line":17,"column":30}},"type":"binary-expr","locations":[{"start":{"line":17,"column":7},"end":{"line":17,"column":10}},{"start":{"line":17,"column":14},"end":{"line":17,"column":30}}]}},"s":{"0":4,"1":4,"2":3,"3":3,"4":4,"5":4},"f":{"0":4,"1":3,"2":3},"b":{"0":[1],"1":[4,2]},"_coverageSchema":"332fd63041d2c1bcb487cc26dd0d5f7d97098a6c","hash":"5241c31054b43eadec48bb7250a85a945931d18d"}
,"/Users/scotthorn/repos/Game-Manager-V2/client/components/player_list_item.js": {"path":"/Users/scotthorn/repos/Game-Manager-V2/client/components/player_list_item.js","statementMap":{"0":{"start":{"line":4,"column":23},"end":{"line":12,"column":1}},"1":{"start":{"line":5,"column":48},"end":{"line":5,"column":54}},"2":{"start":{"line":6,"column":2},"end":{"line":11,"column":4}},"3":{"start":{"line":7,"column":36},"end":{"line":7,"column":50}}},"fnMap":{"0":{"name":"(anonymous_0)","decl":{"start":{"line":4,"column":23},"end":{"line":4,"column":24}},"loc":{"start":{"line":4,"column":43},"end":{"line":12,"column":1}}},"1":{"name":"(anonymous_1)","decl":{"start":{"line":7,"column":28},"end":{"line":7,"column":29}},"loc":{"start":{"line":7,"column":34},"end":{"line":7,"column":52}}}},"branchMap":{},"s":{"0":5,"1":1,"2":1,"3":1},"f":{"0":1,"1":1},"b":{},"_coverageSchema":"332fd63041d2c1bcb487cc26dd0d5f7d97098a6c","hash":"064857f00f326b15f183895f7b6aab990a09d8c6"}
,"/Users/scotthorn/repos/Game-Manager-V2/client/components/tournament.js": {"path":"/Users/scotthorn/repos/Game-Manager-V2/client/components/tournament.js","statementMap":{"0":{"start":{"line":13,"column":26},"end":{"line":34,"column":1}},"1":{"start":{"line":14,"column":57},"end":{"line":14,"column":67}},"2":{"start":{"line":15,"column":2},"end":{"line":33,"column":4}}},"fnMap":{"0":{"name":"(anonymous_0)","decl":{"start":{"line":13,"column":26},"end":{"line":13,"column":27}},"loc":{"start":{"line":13,"column":51},"end":{"line":34,"column":1}}}},"branchMap":{"0":{"loc":{"start":{"line":13,"column":29},"end":{"line":13,"column":44}},"type":"default-arg","locations":[{"start":{"line":13,"column":42},"end":{"line":13,"column":44}}]}},"s":{"0":3,"1":11,"2":11},"f":{"0":11},"b":{"0":[1]},"_coverageSchema":"332fd63041d2c1bcb487cc26dd0d5f7d97098a6c","hash":"7fa72cde051ff7e12af6917c168c49d6154e9c7f"}
,"/Users/scotthorn/repos/Game-Manager-V2/client/components/tournaments.js": {"path":"/Users/scotthorn/repos/Game-Manager-V2/client/components/tournaments.js","statementMap":{"0":{"start":{"line":21,"column":4},"end":{"line":21,"column":36}},"1":{"start":{"line":22,"column":4},"end":{"line":22,"column":32}},"2":{"start":{"line":26,"column":31},"end":{"line":26,"column":41}},"3":{"start":{"line":28,"column":4},"end":{"line":33,"column":11}},"4":{"start":{"line":29,"column":6},"end":{"line":31,"column":7}},"5":{"start":{"line":30,"column":8},"end":{"line":30,"column":71}},"6":{"start":{"line":32,"column":6},"end":{"line":32,"column":18}},"7":{"start":{"line":38,"column":4},"end":{"line":56,"column":6}},"8":{"start":{"line":60,"column":31},"end":{"line":65,"column":1}},"9":{"start":{"line":62,"column":2},"end":{"line":64,"column":4}}},"fnMap":{"0":{"name":"(anonymous_0)","decl":{"start":{"line":20,"column":2},"end":{"line":20,"column":3}},"loc":{"start":{"line":20,"column":22},"end":{"line":23,"column":3}}},"1":{"name":"(anonymous_1)","decl":{"start":{"line":25,"column":2},"end":{"line":25,"column":3}},"loc":{"start":{"line":25,"column":23},"end":{"line":34,"column":3}}},"2":{"name":"(anonymous_2)","decl":{"start":{"line":28,"column":43},"end":{"line":28,"column":44}},"loc":{"start":{"line":28,"column":57},"end":{"line":33,"column":5}}},"3":{"name":"(anonymous_3)","decl":{"start":{"line":36,"column":2},"end":{"line":36,"column":3}},"loc":{"start":{"line":36,"column":11},"end":{"line":57,"column":3}}},"4":{"name":"(anonymous_4)","decl":{"start":{"line":60,"column":31},"end":{"line":60,"column":32}},"loc":{"start":{"line":60,"column":43},"end":{"line":65,"column":1}}}},"branchMap":{"0":{"loc":{"start":{"line":26,"column":10},"end":{"line":26,"column":26}},"type":"default-arg","locations":[{"start":{"line":26,"column":24},"end":{"line":26,"column":26}}]},"1":{"loc":{"start":{"line":29,"column":6},"end":{"line":31,"column":7}},"type":"if","locations":[{"start":{"line":29,"column":6},"end":{"line":31,"column":7}},{"start":{"line":29,"column":6},"end":{"line":31,"column":7}}]}},"s":{"0":1,"1":1,"2":8,"3":8,"4":30,"5":15,"6":30,"7":3,"8":2,"9":1},"f":{"0":1,"1":8,"2":30,"3":3,"4":1},"b":{"0":[2],"1":[15,15]},"_coverageSchema":"332fd63041d2c1bcb487cc26dd0d5f7d97098a6c","hash":"709599ab02d1ecd7ca09089e8662e037b7719b38"}
,"/Users/scotthorn/repos/Game-Manager-V2/client/reducers/data_reducer.js": {"path":"/Users/scotthorn/repos/Game-Manager-V2/client/reducers/data_reducer.js","statementMap":{"0":{"start":{"line":9,"column":13},"end":{"line":13,"column":1}},"1":{"start":{"line":16,"column":2},"end":{"line":21,"column":3}},"2":{"start":{"line":18,"column":4},"end":{"line":18,"column":39}},"3":{"start":{"line":20,"column":4},"end":{"line":20,"column":17}}},"fnMap":{"0":{"name":"(anonymous_0)","decl":{"start":{"line":15,"column":15},"end":{"line":15,"column":16}},"loc":{"start":{"line":15,"column":46},"end":{"line":23,"column":1}}}},"branchMap":{"0":{"loc":{"start":{"line":15,"column":24},"end":{"line":15,"column":36}},"type":"default-arg","locations":[{"start":{"line":15,"column":32},"end":{"line":15,"column":36}}]},"1":{"loc":{"start":{"line":16,"column":2},"end":{"line":21,"column":3}},"type":"switch","locations":[{"start":{"line":17,"column":2},"end":{"line":18,"column":39}},{"start":{"line":19,"column":2},"end":{"line":20,"column":17}}]}},"s":{"0":7,"1":40,"2":3,"3":37},"f":{"0":40},"b":{"0":[28],"1":[3,37]},"_coverageSchema":"332fd63041d2c1bcb487cc26dd0d5f7d97098a6c","hash":"8ad0f95934c694013e91a4121e3bf1d42a407175"}
,"/Users/scotthorn/repos/Game-Manager-V2/client/reducers/index.js": {"path":"/Users/scotthorn/repos/Game-Manager-V2/client/reducers/index.js","statementMap":{"0":{"start":{"line":12,"column":20},"end":{"line":17,"column":2}}},"fnMap":{},"branchMap":{},"s":{"0":7},"f":{},"b":{},"_coverageSchema":"332fd63041d2c1bcb487cc26dd0d5f7d97098a6c","hash":"58eece2f311c7afa74892eb15afde9bb67097fa8"}
,"/Users/scotthorn/repos/Game-Manager-V2/client/reducers/isError.js": {"path":"/Users/scotthorn/repos/Game-Manager-V2/client/reducers/isError.js","statementMap":{"0":{"start":{"line":5,"column":13},"end":{"line":9,"column":1}},"1":{"start":{"line":13,"column":2},"end":{"line":18,"column":3}},"2":{"start":{"line":15,"column":4},"end":{"line":15,"column":39}},"3":{"start":{"line":17,"column":4},"end":{"line":17,"column":17}}},"fnMap":{"0":{"name":"(anonymous_0)","decl":{"start":{"line":12,"column":15},"end":{"line":12,"column":16}},"loc":{"start":{"line":12,"column":41},"end":{"line":19,"column":1}}}},"branchMap":{"0":{"loc":{"start":{"line":12,"column":16},"end":{"line":12,"column":28}},"type":"default-arg","locations":[{"start":{"line":12,"column":24},"end":{"line":12,"column":28}}]},"1":{"loc":{"start":{"line":13,"column":2},"end":{"line":18,"column":3}},"type":"switch","locations":[{"start":{"line":14,"column":2},"end":{"line":15,"column":39}},{"start":{"line":16,"column":2},"end":{"line":17,"column":17}}]}},"s":{"0":7,"1":39,"2":2,"3":37},"f":{"0":39},"b":{"0":[27],"1":[2,37]},"_coverageSchema":"332fd63041d2c1bcb487cc26dd0d5f7d97098a6c","hash":"d76ae5253e218472fab0b94bbb8cc889b713147f"}
,"/Users/scotthorn/repos/Game-Manager-V2/client/reducers/isLoading.js": {"path":"/Users/scotthorn/repos/Game-Manager-V2/client/reducers/isLoading.js","statementMap":{"0":{"start":{"line":4,"column":13},"end":{"line":8,"column":1}},"1":{"start":{"line":11,"column":2},"end":{"line":16,"column":3}},"2":{"start":{"line":13,"column":4},"end":{"line":13,"column":39}},"3":{"start":{"line":15,"column":4},"end":{"line":15,"column":17}}},"fnMap":{"0":{"name":"(anonymous_0)","decl":{"start":{"line":10,"column":15},"end":{"line":10,"column":16}},"loc":{"start":{"line":10,"column":41},"end":{"line":17,"column":1}}}},"branchMap":{"0":{"loc":{"start":{"line":10,"column":16},"end":{"line":10,"column":28}},"type":"default-arg","locations":[{"start":{"line":10,"column":24},"end":{"line":10,"column":28}}]},"1":{"loc":{"start":{"line":11,"column":2},"end":{"line":16,"column":3}},"type":"switch","locations":[{"start":{"line":12,"column":2},"end":{"line":13,"column":39}},{"start":{"line":14,"column":2},"end":{"line":15,"column":17}}]}},"s":{"0":7,"1":40,"2":8,"3":32},"f":{"0":40},"b":{"0":[28],"1":[8,32]},"_coverageSchema":"332fd63041d2c1bcb487cc26dd0d5f7d97098a6c","hash":"be3009cfa004aa7b23441e4907a1737e271e8dff"}
}
