TN:
SF:/Users/scotthorn/repos/Game-Manager-V2/client/store.js
FNF:0
FNH:0
DA:9,6
DA:11,6
LF:2
LH:2
BRDA:9,0,0,6
BRDA:9,0,1,6
BRF:2
BRH:2
end_of_record
TN:
SF:/Users/scotthorn/repos/Game-Manager-V2/client/utilities.js
FN:1,(anonymous_0)
FN:3,(anonymous_1)
FN:10,(anonymous_2)
FN:16,(anonymous_3)
FNF:4
FNH:4
FNDA:15,(anonymous_0)
FNDA:40,(anonymous_1)
FNDA:14,(anonymous_2)
FNDA:12,(anonymous_3)
DA:1,13
DA:3,15
DA:4,40
DA:5,40
DA:10,13
DA:11,14
DA:13,14
DA:16,13
DA:17,12
LF:9
LH:9
BRF:0
BRH:0
end_of_record
TN:
SF:/Users/scotthorn/repos/Game-Manager-V2/client/actions/index.js
FN:10,(anonymous_0)
FN:24,(anonymous_1)
FN:34,(anonymous_2)
FN:37,(anonymous_3)
FN:49,(anonymous_4)
FN:52,(anonymous_5)
FN:55,(anonymous_6)
FN:55,(anonymous_7)
FN:57,(anonymous_8)
FN:60,(anonymous_9)
FN:66,(anonymous_10)
FN:69,(anonymous_11)
FN:72,(anonymous_12)
FN:72,(anonymous_13)
FN:74,(anonymous_14)
FN:82,(anonymous_15)
FN:85,(anonymous_16)
FN:88,(anonymous_17)
FN:88,(anonymous_18)
FN:90,(anonymous_19)
FNF:20
FNH:20
FNDA:9,(anonymous_0)
FNDA:38,(anonymous_1)
FNDA:12,(anonymous_2)
FNDA:1,(anonymous_3)
FNDA:6,(anonymous_4)
FNDA:6,(anonymous_5)
FNDA:5,(anonymous_6)
FNDA:5,(anonymous_7)
FNDA:1,(anonymous_8)
FNDA:6,(anonymous_9)
FNDA:2,(anonymous_10)
FNDA:2,(anonymous_11)
FNDA:1,(anonymous_12)
FNDA:1,(anonymous_13)
FNDA:1,(anonymous_14)
FNDA:2,(anonymous_15)
FNDA:2,(anonymous_16)
FNDA:1,(anonymous_17)
FNDA:1,(anonymous_18)
FNDA:1,(anonymous_19)
DA:10,11
DA:12,9
DA:14,9
DA:24,11
DA:25,38
DA:34,11
DA:35,12
DA:36,1
DA:37,1
DA:40,11
DA:49,11
DA:50,6
DA:52,6
DA:53,6
DA:55,6
DA:56,5
DA:58,1
DA:59,1
DA:61,6
DA:66,11
DA:67,2
DA:69,2
DA:70,2
DA:72,2
DA:73,1
DA:75,1
DA:76,1
DA:77,1
DA:82,11
DA:83,2
DA:85,2
DA:86,2
DA:88,2
DA:89,1
DA:91,1
DA:92,1
DA:93,1
LF:37
LH:37
BRDA:35,0,0,1
BRDA:35,0,1,11
BRDA:49,1,0,1
BRDA:82,2,0,2
BRF:4
BRH:4
end_of_record
TN:
SF:/Users/scotthorn/repos/Game-Manager-V2/client/actions/types.js
FNF:0
FNH:0
DA:1,11
DA:2,11
DA:3,11
DA:4,11
DA:5,11
DA:6,11
LF:6
LH:6
BRF:0
BRH:0
end_of_record
TN:
SF:/Users/scotthorn/repos/Game-Manager-V2/client/components/create_player.js
FN:9,(anonymous_0)
FN:17,(anonymous_1)
FN:23,(anonymous_2)
FN:29,(anonymous_3)
FN:36,(anonymous_4)
FNF:5
FNH:5
FNDA:3,(anonymous_0)
FNDA:1,(anonymous_1)
FNDA:1,(anonymous_2)
FNDA:1,(anonymous_3)
FNDA:8,(anonymous_4)
DA:10,3
DA:12,3
DA:18,1
DA:24,1
DA:30,1
DA:31,1
DA:38,8
LF:7
LH:7
BRF:0
BRH:0
end_of_record
TN:
SF:/Users/scotthorn/repos/Game-Manager-V2/client/components/create_tournament.js
FN:24,(anonymous_0)
FN:35,(anonymous_1)
FN:41,(anonymous_2)
FN:47,(anonymous_3)
FN:54,(anonymous_4)
FN:62,(anonymous_5)
FN:66,(anonymous_6)
FN:68,(anonymous_7)
FN:73,(anonymous_8)
FN:76,(anonymous_9)
FN:85,(anonymous_10)
FN:87,(anonymous_11)
FN:88,(anonymous_12)
FN:93,(anonymous_13)
FN:166,(anonymous_14)
FNF:15
FNH:15
FNDA:3,(anonymous_0)
FNDA:1,(anonymous_1)
FNDA:1,(anonymous_2)
FNDA:1,(anonymous_3)
FNDA:1,(anonymous_4)
FNDA:34,(anonymous_5)
FNDA:90,(anonymous_6)
FNDA:45,(anonymous_7)
FNDA:2,(anonymous_8)
FNDA:1,(anonymous_9)
FNDA:17,(anonymous_10)
FNDA:204,(anonymous_11)
FNDA:102,(anonymous_12)
FNDA:17,(anonymous_13)
FNDA:2,(anonymous_14)
DA:25,3
DA:27,3
DA:36,1
DA:42,1
DA:48,1
DA:55,1
DA:56,1
DA:57,1
DA:58,1
DA:63,34
DA:64,34
DA:66,34
DA:67,90
DA:68,45
DA:74,2
DA:75,2
DA:76,1
DA:80,2
DA:86,17
DA:87,204
DA:88,102
DA:94,17
DA:96,17
DA:166,3
DA:167,2
LF:25
LH:25
BRDA:63,0,0,2
BRDA:75,1,0,1
BRDA:75,1,1,1
BRF:3
BRH:3
end_of_record
TN:
SF:/Users/scotthorn/repos/Game-Manager-V2/client/components/game.js
FN:13,(anonymous_0)
FN:20,(anonymous_1)
FN:26,(anonymous_2)
FN:32,(anonymous_3)
FN:61,(anonymous_4)
FNF:5
FNH:5
FNDA:1,(anonymous_0)
FNDA:1,(anonymous_1)
FNDA:1,(anonymous_2)
FNDA:5,(anonymous_3)
FNDA:1,(anonymous_4)
DA:14,1
DA:15,1
DA:21,1
DA:27,1
DA:33,5
DA:34,5
DA:36,5
DA:56,3
DA:61,3
LF:9
LH:9
BRF:0
BRH:0
end_of_record
TN:
SF:/Users/scotthorn/repos/Game-Manager-V2/client/components/games.js
FN:13,(anonymous_0)
FN:17,(anonymous_1)
FN:19,(anonymous_2)
FN:24,(anonymous_3)
FN:33,(anonymous_4)
FNF:5
FNH:5
FNDA:2,(anonymous_0)
FNDA:4,(anonymous_1)
FNDA:3,(anonymous_2)
FNDA:4,(anonymous_3)
FNDA:2,(anonymous_4)
DA:14,2
DA:18,4
DA:19,4
DA:20,3
DA:25,4
DA:33,2
DA:39,2
LF:7
LH:7
BRDA:18,0,0,2
BRF:1
BRH:1
end_of_record
TN:
SF:/Users/scotthorn/repos/Game-Manager-V2/client/components/home.js
FN:9,(anonymous_0)
FNF:1
FNH:1
FNDA:1,(anonymous_0)
DA:10,1
LF:1
LH:1
BRF:0
BRH:0
end_of_record
TN:
SF:/Users/scotthorn/repos/Game-Manager-V2/client/components/play_tournament.js
FN:11,(anonymous_0)
FN:15,(anonymous_1)
FNF:2
FNH:2
FNDA:1,(anonymous_0)
FNDA:2,(anonymous_1)
DA:12,1
DA:16,2
DA:18,2
DA:31,1
LF:4
LH:4
BRF:0
BRH:0
end_of_record
TN:
SF:/Users/scotthorn/repos/Game-Manager-V2/client/components/player_form.js
FN:20,(anonymous_0)
FN:21,(anonymous_1)
FN:23,(anonymous_2)
FN:37,(anonymous_3)
FN:40,(anonymous_4)
FN:46,(anonymous_5)
FN:88,(anonymous_6)
FNF:7
FNH:7
FNDA:3,(anonymous_0)
FNDA:5,(anonymous_1)
FNDA:2,(anonymous_2)
FNDA:2,(anonymous_3)
FNDA:6,(anonymous_4)
FNDA:5,(anonymous_5)
FNDA:3,(anonymous_6)
DA:20,6
DA:21,6
DA:23,6
DA:24,2
DA:30,6
DA:38,2
DA:40,2
DA:41,6
DA:47,5
DA:49,5
DA:52,5
DA:88,6
DA:89,3
DA:90,3
DA:99,6
LF:15
LH:15
BRDA:20,0,0,1
BRDA:20,0,1,2
BRDA:21,1,0,3
BRDA:21,1,1,2
BRDA:21,2,0,1
BRDA:21,2,1,1
BRDA:41,3,0,1
BRDA:41,3,1,5
BRDA:49,4,0,3
BRDA:49,4,1,2
BRDA:49,5,0,1
BRDA:49,5,1,1
BRDA:76,6,0,5
BRDA:76,6,1,4
BRF:14
BRH:14
end_of_record
TN:
SF:/Users/scotthorn/repos/Game-Manager-V2/client/components/player_list.js
FN:7,(anonymous_0)
FN:8,(anonymous_1)
FN:10,(anonymous_2)
FNF:3
FNH:3
FNDA:4,(anonymous_0)
FNDA:3,(anonymous_1)
FNDA:3,(anonymous_2)
DA:7,4
DA:8,4
DA:9,3
DA:11,3
DA:14,4
DA:23,4
LF:6
LH:6
BRDA:7,0,0,1
BRDA:17,1,0,4
BRDA:17,1,1,2
BRF:3
BRH:3
end_of_record
TN:
SF:/Users/scotthorn/repos/Game-Manager-V2/client/components/player_list_item.js
FN:4,(anonymous_0)
FN:7,(anonymous_1)
FNF:2
FNH:2
FNDA:1,(anonymous_0)
FNDA:1,(anonymous_1)
DA:4,5
DA:5,1
DA:6,1
DA:7,1
LF:4
LH:4
BRF:0
BRH:0
end_of_record
TN:
SF:/Users/scotthorn/repos/Game-Manager-V2/client/components/tournament.js
FN:13,(anonymous_0)
FNF:1
FNH:1
FNDA:11,(anonymous_0)
DA:13,3
DA:14,11
DA:15,11
LF:3
LH:3
BRDA:13,0,0,1
BRF:1
BRH:1
end_of_record
TN:
SF:/Users/scotthorn/repos/Game-Manager-V2/client/components/tournaments.js
FN:20,(anonymous_0)
FN:25,(anonymous_1)
FN:28,(anonymous_2)
FN:36,(anonymous_3)
FN:60,(anonymous_4)
FNF:5
FNH:5
FNDA:1,(anonymous_0)
FNDA:8,(anonymous_1)
FNDA:30,(anonymous_2)
FNDA:3,(anonymous_3)
FNDA:1,(anonymous_4)
DA:21,1
DA:22,1
DA:26,8
DA:28,8
DA:29,30
DA:30,15
DA:32,30
DA:38,3
DA:60,2
DA:62,1
LF:10
LH:10
BRDA:26,0,0,2
BRDA:29,1,0,15
BRDA:29,1,1,15
BRF:3
BRH:3
end_of_record
TN:
SF:/Users/scotthorn/repos/Game-Manager-V2/client/reducers/data_reducer.js
FN:15,(anonymous_0)
FNF:1
FNH:1
FNDA:40,(anonymous_0)
DA:9,7
DA:16,40
DA:18,3
DA:20,37
LF:4
LH:4
BRDA:15,0,0,28
BRDA:16,1,0,3
BRDA:16,1,1,37
BRF:3
BRH:3
end_of_record
TN:
SF:/Users/scotthorn/repos/Game-Manager-V2/client/reducers/index.js
FNF:0
FNH:0
DA:12,7
LF:1
LH:1
BRF:0
BRH:0
end_of_record
TN:
SF:/Users/scotthorn/repos/Game-Manager-V2/client/reducers/isError.js
FN:12,(anonymous_0)
FNF:1
FNH:1
FNDA:39,(anonymous_0)
DA:5,7
DA:13,39
DA:15,2
DA:17,37
LF:4
LH:4
BRDA:12,0,0,27
BRDA:13,1,0,2
BRDA:13,1,1,37
BRF:3
BRH:3
end_of_record
TN:
SF:/Users/scotthorn/repos/Game-Manager-V2/client/reducers/isLoading.js
FN:10,(anonymous_0)
FNF:1
FNH:1
FNDA:40,(anonymous_0)
DA:4,7
DA:11,40
DA:13,8
DA:15,32
LF:4
LH:4
BRDA:10,0,0,28
BRDA:11,1,0,8
BRDA:11,1,1,32
BRF:3
BRH:3
end_of_record
